<?xml version="1.0" encoding="UTF-8"?>
<testsuite xmlns:xsi="http://www.w3.org/2001/XMLSchema-instance" xsi:schemaLocation="https://maven.apache.org/surefire/maven-surefire-plugin/xsd/surefire-test-report.xsd" name="edu.gmu.cs475.ManualClientUnlockAtEndTests" time="0.613" tests="4" errors="0" skipped="0" failures="2">
  <properties>
[...]
</properties>
  <testcase name="testCatAllLocksThenReadsThenUnlocks" classname="edu.gmu.cs475.ManualClientUnlockAtEndTests" time="0.122"/>
  <testcase name="testCatAllLocksSameOrder" classname="edu.gmu.cs475.ManualClientUnlockAtEndTests" time="0.321">
    <failure message="&#10;  Unexpected method call IFileTagManager.lockFile(&quot;File70&quot;, false):&#10;    IFileTagManager.listFilesByTag(&quot;untagged&quot;): expected: 1, actual: 1&#10;    IFileTagManager.lockFile(expected File0 as locked file #0, not File70, false): expected: 1, actual: 0" type="java.lang.AssertionError">java.lang.AssertionError: 

  Unexpected method call IFileTagManager.lockFile("File70", false):
    IFileTagManager.listFilesByTag("untagged"): expected: 1, actual: 1
    IFileTagManager.lockFile(expected File0 as locked file #0, not File70, false): expected: 1, actual: 0
	at edu.gmu.cs475.ManualClientUnlockAtEndTests.testCatAllLocksSameOrder(ManualClientUnlockAtEndTests.java:171)
</failure>
    <system-out><![CDATA[[File0, File1, File2, File3, File4, File5, File6, File7, File8, File9, File10, File11, File12, File13, File14, File15, File16, File17, File18, File19, File20, File21, File22, File23, File24, File25, File26, File27, File28, File29, File30, File31, File32, File33, File34, File35, File36, File37, File38, File39, File40, File41, File42, File43, File44, File45, File46, File47, File48, File49, File50, File51, File52, File53, File54, File55, File56, File57, File58, File59, File60, File61, File62, File63, File64, File65, File66, File67, File68, File69, File70, File71, File72, File73, File74, File75, File76, File77, File78, File79, File80, File81, File82, File83, File84, File85, File86, File87, File88, File89, File90, File91, File92, File93, File94, File95, File96, File97, File98, File99]
]]></system-out>
  </testcase>
  <testcase name="testEchoAllLocksSameOrder" classname="edu.gmu.cs475.ManualClientUnlockAtEndTests" time="0.142">
    <failure message="&#10;  Unexpected method call IFileTagManager.lockFile(&quot;File50&quot;, true):&#10;    IFileTagManager.lockFile(expected File0 as locked file #0, not File50, true): expected: 1, actual: 1&#10;    IFileTagManager.lockFile(expected File1 as locked file #0, not File50, true): expected: 1, actual: 0" type="java.lang.AssertionError">java.lang.AssertionError: 

  Unexpected method call IFileTagManager.lockFile("File50", true):
    IFileTagManager.lockFile(expected File0 as locked file #0, not File50, true): expected: 1, actual: 1
    IFileTagManager.lockFile(expected File1 as locked file #0, not File50, true): expected: 1, actual: 0
	at edu.gmu.cs475.ManualClientUnlockAtEndTests.testEchoAllLocksSameOrder(ManualClientUnlockAtEndTests.java:225)
</failure>
  </testcase>
  <testcase name="testEchoAllLocksThenWritesThenUnlocks" classname="edu.gmu.cs475.ManualClientUnlockAtEndTests" time="0.004"/>
</testsuite>